2020-04-13 15:36:58,493 [Worker-0: Loading available Gradle versions] INFO  o.e.b.c.i.u.g.PublishedGradleVersions - Gradle version information cache is up-to-date. Trying to read.
2020-04-13 15:37:28,507 [Worker-3: Refreshing workspace] ERROR o.e.m.j.i.l.MavenLaunchConfigurationListener - Launch configuration JDBCProjectEx3 references non-existing project Web_Project_0109.
org.eclipse.core.runtime.CoreException: Launch configuration JDBCProjectEx3 references non-existing project Web_Project_0109.
	at org.eclipse.jdt.launching.JavaRuntime.abort(JavaRuntime.java:1839) ~[org.eclipse.jdt.launching_3.13.0.v20190222-0937.jar:na]
	at org.eclipse.jdt.launching.JavaRuntime.getJavaProject(JavaRuntime.java:1714) ~[org.eclipse.jdt.launching_3.13.0.v20190222-0937.jar:na]
	at org.eclipse.m2e.jdt.internal.launch.MavenLaunchConfigurationListener.updateLaunchConfiguration(MavenLaunchConfigurationListener.java:53) [org.eclipse.m2e.jdt_1.11.0.20190220-2119.jar:na]
	at org.eclipse.m2e.jdt.internal.launch.MavenLaunchConfigurationListener.launchConfigurationAdded(MavenLaunchConfigurationListener.java:34) [org.eclipse.m2e.jdt_1.11.0.20190220-2119.jar:na]
	at org.eclipse.debug.internal.core.LaunchManager$ConfigurationNotifier.run(LaunchManager.java:219) [org.eclipse.debug.core_3.13.200.v20190216-1557.jar:na]
	at org.eclipse.core.runtime.SafeRunner.run(SafeRunner.java:45) [org.eclipse.equinox.common_3.10.300.v20190218-2100.jar:na]
	at org.eclipse.debug.internal.core.LaunchManager$ConfigurationNotifier.notify(LaunchManager.java:209) [org.eclipse.debug.core_3.13.200.v20190216-1557.jar:na]
	at org.eclipse.debug.internal.core.LaunchManager.launchConfigurationAdded(LaunchManager.java:2124) [org.eclipse.debug.core_3.13.200.v20190216-1557.jar:na]
	at org.eclipse.debug.internal.core.LaunchManager$LaunchManagerVisitor.visit(LaunchManager.java:372) [org.eclipse.debug.core_3.13.200.v20190216-1557.jar:na]
	at org.eclipse.core.internal.events.ResourceDelta.accept(ResourceDelta.java:67) [org.eclipse.core.resources_3.13.300.v20190218-2054.jar:na]
	at org.eclipse.core.internal.events.ResourceDelta.accept(ResourceDelta.java:77) [org.eclipse.core.resources_3.13.300.v20190218-2054.jar:na]
	at org.eclipse.core.internal.events.ResourceDelta.accept(ResourceDelta.java:77) [org.eclipse.core.resources_3.13.300.v20190218-2054.jar:na]
	at org.eclipse.core.internal.events.ResourceDelta.accept(ResourceDelta.java:77) [org.eclipse.core.resources_3.13.300.v20190218-2054.jar:na]
	at org.eclipse.core.internal.events.ResourceDelta.accept(ResourceDelta.java:77) [org.eclipse.core.resources_3.13.300.v20190218-2054.jar:na]
	at org.eclipse.core.internal.events.ResourceDelta.accept(ResourceDelta.java:77) [org.eclipse.core.resources_3.13.300.v20190218-2054.jar:na]
	at org.eclipse.core.internal.events.ResourceDelta.accept(ResourceDelta.java:77) [org.eclipse.core.resources_3.13.300.v20190218-2054.jar:na]
	at org.eclipse.core.internal.events.ResourceDelta.accept(ResourceDelta.java:51) [org.eclipse.core.resources_3.13.300.v20190218-2054.jar:na]
	at org.eclipse.debug.internal.core.LaunchManager.resourceChanged(LaunchManager.java:2276) [org.eclipse.debug.core_3.13.200.v20190216-1557.jar:na]
	at org.eclipse.core.internal.events.NotificationManager$1.run(NotificationManager.java:305) [org.eclipse.core.resources_3.13.300.v20190218-2054.jar:na]
	at org.eclipse.core.runtime.SafeRunner.run(SafeRunner.java:45) [org.eclipse.equinox.common_3.10.300.v20190218-2100.jar:na]
	at org.eclipse.core.internal.events.NotificationManager.notify(NotificationManager.java:295) [org.eclipse.core.resources_3.13.300.v20190218-2054.jar:na]
	at org.eclipse.core.internal.events.NotificationManager.broadcastChanges(NotificationManager.java:158) [org.eclipse.core.resources_3.13.300.v20190218-2054.jar:na]
	at org.eclipse.core.internal.resources.Workspace.broadcastPostChange(Workspace.java:379) [org.eclipse.core.resources_3.13.300.v20190218-2054.jar:na]
	at org.eclipse.core.internal.resources.Workspace.endOperation(Workspace.java:1502) [org.eclipse.core.resources_3.13.300.v20190218-2054.jar:na]
	at org.eclipse.core.internal.resources.InternalWorkspaceJob.run(InternalWorkspaceJob.java:49) [org.eclipse.core.resources_3.13.300.v20190218-2054.jar:na]
	at org.eclipse.core.internal.jobs.Worker.run(Worker.java:63) [org.eclipse.core.jobs_3.10.300.v20190215-2048.jar:na]
